{"numFailedTestSuites":1,"numFailedTests":0,"numPassedTestSuites":0,"numPassedTests":0,"numPendingTestSuites":0,"numPendingTests":0,"numRuntimeErrorTestSuites":1,"numTodoTests":0,"numTotalTestSuites":1,"numTotalTests":0,"openHandles":[],"snapshot":{"added":0,"didUpdate":false,"failure":false,"filesAdded":0,"filesRemoved":0,"filesRemovedList":[],"filesUnmatched":0,"filesUpdated":0,"matched":0,"total":0,"unchecked":0,"uncheckedKeysByFile":[],"unmatched":0,"updated":0},"startTime":1773487883009,"success":false,"testResults":[{"assertionResults":[],"coverage":{},"endTime":1773487885764,"message":"  ÔùÅ Test suite failed to run\n\n    TypeError: Cannot read properties of undefined (reading 'newStemmer')\n\n    \u001b[0m \u001b[90m 10 |\u001b[39m\n     \u001b[90m 11 |\u001b[39m \u001b[90m// Initializing the Turkish stemmer\u001b[39m\n    \u001b[31m\u001b[1m>\u001b[22m\u001b[39m\u001b[90m 12 |\u001b[39m \u001b[36mconst\u001b[39m stemmer \u001b[33m=\u001b[39m \u001b[33mSnowball\u001b[39m\u001b[33m.\u001b[39mnewStemmer(\u001b[32m'turkish'\u001b[39m)\u001b[33m;\u001b[39m\n     \u001b[90m    |\u001b[39m                          \u001b[31m\u001b[1m^\u001b[22m\u001b[39m\n     \u001b[90m 13 |\u001b[39m\n     \u001b[90m 14 |\u001b[39m \u001b[90m/**\u001b[39m\n     \u001b[90m 15 |\u001b[39m \u001b[90m * T├╝rk├ğe metinden basit ek k─▒rpma (Snowball algoritmalar─▒ tabanl─▒ stemming)\u001b[39m\u001b[0m\n\n      at Object.<anonymous> (src/modules/ml/turkish-stemmer.ts:12:26)\n      at Object.<anonymous> (src/modules/ml/ml.service.ts:5:1)\n      at Object.<anonymous> (src/__tests__/ml.service.test.ts:1:1)\n","name":"C:\\Users\\dogul\\Final-Project\\backend\\src\\__tests__\\ml.service.test.ts","startTime":1773487885764,"status":"failed","summary":""}],"wasInterrupted":false}
