{"numFailedTestSuites":1,"numFailedTests":1,"numPassedTestSuites":0,"numPassedTests":5,"numPendingTestSuites":0,"numPendingTests":0,"numRuntimeErrorTestSuites":0,"numTodoTests":0,"numTotalTestSuites":1,"numTotalTests":6,"openHandles":[],"snapshot":{"added":0,"didUpdate":false,"failure":false,"filesAdded":0,"filesRemoved":0,"filesRemovedList":[],"filesUnmatched":0,"filesUpdated":0,"matched":0,"total":0,"unchecked":0,"uncheckedKeysByFile":[],"unmatched":0,"updated":0},"startTime":1773488003820,"success":false,"testResults":[{"assertionResults":[{"ancestorTitles":["MlCategorizationService","train and categorize"],"duration":67,"failureDetails":[],"failureMessages":[],"fullName":"MlCategorizationService train and categorize should skip training if dataset is too small (<5 items)","invocations":1,"location":null,"numPassingAsserts":1,"retryReasons":[],"status":"passed","title":"should skip training if dataset is too small (<5 items)"},{"ancestorTitles":["MlCategorizationService","train and categorize"],"duration":62,"failureDetails":[],"failureMessages":[],"fullName":"MlCategorizationService train and categorize should train correctly and split into test/train sets (80/20)","invocations":1,"location":null,"numPassingAsserts":5,"retryReasons":[],"status":"passed","title":"should train correctly and split into test/train sets (80/20)"},{"ancestorTitles":["MlCategorizationService","isDuplicate"],"duration":4,"failureDetails":[],"failureMessages":[],"fullName":"MlCategorizationService isDuplicate should detect duplicate texts based on Jaro-Winkler or tf-idf","invocations":1,"location":null,"numPassingAsserts":1,"retryReasons":[],"status":"passed","title":"should detect duplicate texts based on Jaro-Winkler or tf-idf"},{"ancestorTitles":["MlCategorizationService","isDuplicate"],"duration":1,"failureDetails":[],"failureMessages":[],"fullName":"MlCategorizationService isDuplicate should not flag completely different texts as duplicates","invocations":1,"location":null,"numPassingAsserts":1,"retryReasons":[],"status":"passed","title":"should not flag completely different texts as duplicates"},{"ancestorTitles":["MlCategorizationService","Turkish Sentiment Analysis"],"duration":12,"failureDetails":[{"matcherResult":{"actual":"N├Âtr","expected":"Pozitif","message":"expect(received).toBe(expected) // Object.is equality\n\nExpected: \"Pozitif\"\nReceived: \"N├Âtr\"","name":"toBe","pass":false}}],"failureMessages":["Error: expect(received).toBe(expected) // Object.is equality\n\nExpected: \"Pozitif\"\nReceived: \"N├Âtr\"\n    at Object.<anonymous> (C:\\Users\\dogul\\Final-Project\\backend\\src\\__tests__\\ml.service.test.ts:82:34)"],"fullName":"MlCategorizationService Turkish Sentiment Analysis should return Pozitif for positive Turkish text","invocations":1,"location":null,"numPassingAsserts":0,"retryReasons":[],"status":"failed","title":"should return Pozitif for positive Turkish text"},{"ancestorTitles":["MlCategorizationService","Turkish Sentiment Analysis"],"duration":5,"failureDetails":[],"failureMessages":[],"fullName":"MlCategorizationService Turkish Sentiment Analysis should return Negatif for negative Turkish text","invocations":1,"location":null,"numPassingAsserts":2,"retryReasons":[],"status":"passed","title":"should return Negatif for negative Turkish text"}],"endTime":1773488006806,"message":"  ÔùÅ MlCategorizationService ÔÇ║ Turkish Sentiment Analysis ÔÇ║ should return Pozitif for positive Turkish text\n\n    expect(received).toBe(expected) // Object.is equality\n\n    Expected: \"Pozitif\"\n    Received: \"N├Âtr\"\n\n    \u001b[0m \u001b[90m 80 |\u001b[39m             \u001b[36mconst\u001b[39m mlService \u001b[33m=\u001b[39m \u001b[36mnew\u001b[39m \u001b[33mMlCategorizationService\u001b[39m()\u001b[33m;\u001b[39m\n     \u001b[90m 81 |\u001b[39m             \u001b[36mconst\u001b[39m result \u001b[33m=\u001b[39m \u001b[36mawait\u001b[39m mlService\u001b[33m.\u001b[39manalyzeSentiment(\u001b[32m'Bu haber harika ve ├ğok ba┼şar─▒l─▒.'\u001b[39m)\u001b[33m;\u001b[39m\n    \u001b[31m\u001b[1m>\u001b[22m\u001b[39m\u001b[90m 82 |\u001b[39m             expect(result\u001b[33m.\u001b[39mlabel)\u001b[33m.\u001b[39mtoBe(\u001b[32m'Pozitif'\u001b[39m)\u001b[33m;\u001b[39m\n     \u001b[90m    |\u001b[39m                                  \u001b[31m\u001b[1m^\u001b[22m\u001b[39m\n     \u001b[90m 83 |\u001b[39m             expect(result\u001b[33m.\u001b[39mscore)\u001b[33m.\u001b[39mtoBeGreaterThan(\u001b[35m0\u001b[39m)\u001b[33m;\u001b[39m\n     \u001b[90m 84 |\u001b[39m         })\u001b[33m;\u001b[39m\n     \u001b[90m 85 |\u001b[39m\u001b[0m\n\n      at Object.<anonymous> (src/__tests__/ml.service.test.ts:82:34)\n","name":"C:\\Users\\dogul\\Final-Project\\backend\\src\\__tests__\\ml.service.test.ts","startTime":1773488004227,"status":"failed","summary":""}],"wasInterrupted":false}
